<?xml version="1.0" encoding="UTF-8"?>
<!-- Generated by org.testng.reporters.JUnitXMLReporter -->
<testsuite ignored="0" hostname="Abi-PC" failures="1" tests="1" name="Surefire test" time="9.603" errors="0" timestamp="2023-02-02T19:41:36 IST">
  <testcase classname="io.cucumber.testng.AbstractTestNGCucumberTests" name="runScenario" time="8.237">
    <failure type="io.cucumber.core.exception.CucumberException" message="Step [^User enters Username as &amp;quot;([^&amp;quot;]*)&amp;quot; and Password as &amp;quot;([^&amp;quot;]*)&amp;quot;$] is defined with 3 parameters at &amp;apos;com.test.MailAccess.bdd.stepdefs.LoginTest_Outlook_BDD_Steps.enterUserName(java.lang.String,java.lang.String,io.cucumber.java.Scenario)&amp;apos;.
However, the gherkin step has 2 arguments:
 * sa.sarvan@outlook.com
 * Abinav4413
Step text: User enters Username as &amp;quot;sa.sarvan@outlook.com&amp;quot; and Password as &amp;quot;Abinav4413&amp;quot;">
      <![CDATA[io.cucumber.core.exception.CucumberException: Step [^User enters Username as "([^"]*)" and Password as "([^"]*)"$] is defined with 3 parameters at 'com.test.MailAccess.bdd.stepdefs.LoginTest_Outlook_BDD_Steps.enterUserName(java.lang.String,java.lang.String,io.cucumber.java.Scenario)'.
However, the gherkin step has 2 arguments:
 * sa.sarvan@outlook.com
 * Abinav4413
Step text: User enters Username as "sa.sarvan@outlook.com" and Password as "Abinav4413"
at io.cucumber.core.runner.PickleStepDefinitionMatch.arityMismatch(PickleStepDefinitionMatch.java:83)
at io.cucumber.core.runner.PickleStepDefinitionMatch.runStep(PickleStepDefinitionMatch.java:42)
at io.cucumber.core.runner.ExecutionMode$1.execute(ExecutionMode.java:10)
at io.cucumber.core.runner.TestStep.executeStep(TestStep.java:84)
at io.cucumber.core.runner.TestStep.run(TestStep.java:56)
at io.cucumber.core.runner.PickleStepTestStep.run(PickleStepTestStep.java:51)
at io.cucumber.core.runner.TestCase.run(TestCase.java:84)
at io.cucumber.core.runner.Runner.runPickle(Runner.java:75)
at io.cucumber.testng.TestNGCucumberRunner.lambda$runScenario$1(TestNGCucumberRunner.java:132)
at io.cucumber.core.runtime.CucumberExecutionContext.lambda$runTestCase$5(CucumberExecutionContext.java:130)
at io.cucumber.core.runtime.RethrowingThrowableCollector.executeAndThrow(RethrowingThrowableCollector.java:23)
at io.cucumber.core.runtime.CucumberExecutionContext.runTestCase(CucumberExecutionContext.java:130)
at io.cucumber.testng.TestNGCucumberRunner.runScenario(TestNGCucumberRunner.java:129)
at io.cucumber.testng.AbstractTestNGCucumberTests.runScenario(AbstractTestNGCucumberTests.java:35)
at java.base/java.util.ArrayList.forEach(ArrayList.java:1511)
... Removed 32 stack frames]]>
    </failure>
  </testcase> <!-- runScenario -->
</testsuite> <!-- Surefire test -->
